22-Mar-2018 11:44:02.964 INFO [main] org.apache.catalina.startup.VersionLoggerListener.log Server version:        Apache Tomcat/9.0.6
22-Mar-2018 11:44:02.973 INFO [main] org.apache.catalina.startup.VersionLoggerListener.log Server built:          Mar 5 2018 09:34:35 UTC
22-Mar-2018 11:44:02.973 INFO [main] org.apache.catalina.startup.VersionLoggerListener.log Server number:         9.0.6.0
22-Mar-2018 11:44:02.973 INFO [main] org.apache.catalina.startup.VersionLoggerListener.log OS Name:               Mac OS X
22-Mar-2018 11:44:02.973 INFO [main] org.apache.catalina.startup.VersionLoggerListener.log OS Version:            10.12.6
22-Mar-2018 11:44:02.973 INFO [main] org.apache.catalina.startup.VersionLoggerListener.log Architecture:          x86_64
22-Mar-2018 11:44:02.974 INFO [main] org.apache.catalina.startup.VersionLoggerListener.log Java Home:             /Library/Java/JavaVirtualMachines/jdk1.8.0_131.jdk/Contents/Home/jre
22-Mar-2018 11:44:02.974 INFO [main] org.apache.catalina.startup.VersionLoggerListener.log JVM Version:           1.8.0_131-b11
22-Mar-2018 11:44:02.974 INFO [main] org.apache.catalina.startup.VersionLoggerListener.log JVM Vendor:            Oracle Corporation
22-Mar-2018 11:44:02.974 INFO [main] org.apache.catalina.startup.VersionLoggerListener.log CATALINA_BASE:         /Year3/Courses/2xb3/project/2XB3_Food_Fitter_Group_6/tomcat
22-Mar-2018 11:44:02.974 INFO [main] org.apache.catalina.startup.VersionLoggerListener.log CATALINA_HOME:         /Year3/Courses/2xb3/project/2XB3_Food_Fitter_Group_6/tomcat
22-Mar-2018 11:44:02.975 INFO [main] org.apache.catalina.startup.VersionLoggerListener.log Command line argument: -Djava.util.logging.config.file=/year3/courses/2xb3/project/2XB3_Food_Fitter_Group_6/tomcat/conf/logging.properties
22-Mar-2018 11:44:02.975 INFO [main] org.apache.catalina.startup.VersionLoggerListener.log Command line argument: -Djava.util.logging.manager=org.apache.juli.ClassLoaderLogManager
22-Mar-2018 11:44:02.975 INFO [main] org.apache.catalina.startup.VersionLoggerListener.log Command line argument: -Djdk.tls.ephemeralDHKeySize=2048
22-Mar-2018 11:44:02.976 INFO [main] org.apache.catalina.startup.VersionLoggerListener.log Command line argument: -Djava.protocol.handler.pkgs=org.apache.catalina.webresources
22-Mar-2018 11:44:02.976 INFO [main] org.apache.catalina.startup.VersionLoggerListener.log Command line argument: -Dignore.endorsed.dirs=
22-Mar-2018 11:44:02.976 INFO [main] org.apache.catalina.startup.VersionLoggerListener.log Command line argument: -Dcatalina.base=/year3/courses/2xb3/project/2XB3_Food_Fitter_Group_6/tomcat
22-Mar-2018 11:44:02.976 INFO [main] org.apache.catalina.startup.VersionLoggerListener.log Command line argument: -Dcatalina.home=/year3/courses/2xb3/project/2XB3_Food_Fitter_Group_6/tomcat
22-Mar-2018 11:44:02.976 INFO [main] org.apache.catalina.startup.VersionLoggerListener.log Command line argument: -Djava.io.tmpdir=/year3/courses/2xb3/project/2XB3_Food_Fitter_Group_6/tomcat/temp
22-Mar-2018 11:44:02.976 INFO [main] org.apache.catalina.core.AprLifecycleListener.lifecycleEvent The APR based Apache Tomcat Native library which allows optimal performance in production environments was not found on the java.library.path: [/Users/Sophia/Library/Java/Extensions:/Library/Java/Extensions:/Network/Library/Java/Extensions:/System/Library/Java/Extensions:/usr/lib/java:.]
22-Mar-2018 11:44:03.357 INFO [main] org.apache.coyote.AbstractProtocol.init Initializing ProtocolHandler ["http-nio-9999"]
22-Mar-2018 11:44:03.408 INFO [main] org.apache.tomcat.util.net.NioSelectorPool.getSharedSelector Using a shared selector for servlet write/read
22-Mar-2018 11:44:03.423 INFO [main] org.apache.coyote.AbstractProtocol.init Initializing ProtocolHandler ["ajp-nio-8009"]
22-Mar-2018 11:44:03.424 INFO [main] org.apache.tomcat.util.net.NioSelectorPool.getSharedSelector Using a shared selector for servlet write/read
22-Mar-2018 11:44:03.425 INFO [main] org.apache.catalina.startup.Catalina.load Initialization processed in 1334 ms
22-Mar-2018 11:44:03.480 INFO [main] org.apache.catalina.core.StandardService.startInternal Starting service [Catalina]
22-Mar-2018 11:44:03.480 INFO [main] org.apache.catalina.core.StandardEngine.startInternal Starting Servlet Engine: Apache Tomcat/9.0.6
22-Mar-2018 11:44:03.497 INFO [main] org.apache.catalina.startup.HostConfig.deployDirectory Deploying web application directory [/Year3/Courses/2xb3/project/2XB3_Food_Fitter_Group_6/tomcat/webapps/docs]
22-Mar-2018 11:44:04.160 INFO [main] org.apache.catalina.startup.HostConfig.deployDirectory Deployment of web application directory [/Year3/Courses/2xb3/project/2XB3_Food_Fitter_Group_6/tomcat/webapps/docs] has finished in [662] ms
22-Mar-2018 11:44:04.161 INFO [main] org.apache.catalina.startup.HostConfig.deployDirectory Deploying web application directory [/Year3/Courses/2xb3/project/2XB3_Food_Fitter_Group_6/tomcat/webapps/examples]
22-Mar-2018 11:44:04.616 INFO [main] org.apache.catalina.startup.HostConfig.deployDirectory Deployment of web application directory [/Year3/Courses/2xb3/project/2XB3_Food_Fitter_Group_6/tomcat/webapps/examples] has finished in [455] ms
22-Mar-2018 11:44:04.617 INFO [main] org.apache.catalina.startup.HostConfig.deployDirectory Deploying web application directory [/Year3/Courses/2xb3/project/2XB3_Food_Fitter_Group_6/tomcat/webapps/hello]
22-Mar-2018 11:44:04.668 INFO [main] org.apache.catalina.startup.HostConfig.deployDirectory Deployment of web application directory [/Year3/Courses/2xb3/project/2XB3_Food_Fitter_Group_6/tomcat/webapps/hello] has finished in [51] ms
22-Mar-2018 11:44:04.668 INFO [main] org.apache.catalina.startup.HostConfig.deployDirectory Deploying web application directory [/Year3/Courses/2xb3/project/2XB3_Food_Fitter_Group_6/tomcat/webapps/host-manager]
22-Mar-2018 11:44:04.707 INFO [main] org.apache.catalina.startup.HostConfig.deployDirectory Deployment of web application directory [/Year3/Courses/2xb3/project/2XB3_Food_Fitter_Group_6/tomcat/webapps/host-manager] has finished in [38] ms
22-Mar-2018 11:44:04.707 INFO [main] org.apache.catalina.startup.HostConfig.deployDirectory Deploying web application directory [/Year3/Courses/2xb3/project/2XB3_Food_Fitter_Group_6/tomcat/webapps/manager]
22-Mar-2018 11:44:04.737 INFO [main] org.apache.catalina.startup.HostConfig.deployDirectory Deployment of web application directory [/Year3/Courses/2xb3/project/2XB3_Food_Fitter_Group_6/tomcat/webapps/manager] has finished in [30] ms
22-Mar-2018 11:44:04.737 INFO [main] org.apache.catalina.startup.HostConfig.deployDirectory Deploying web application directory [/Year3/Courses/2xb3/project/2XB3_Food_Fitter_Group_6/tomcat/webapps/ROOT]
22-Mar-2018 11:44:04.757 INFO [main] org.apache.catalina.startup.HostConfig.deployDirectory Deployment of web application directory [/Year3/Courses/2xb3/project/2XB3_Food_Fitter_Group_6/tomcat/webapps/ROOT] has finished in [20] ms
22-Mar-2018 11:44:04.763 INFO [main] org.apache.coyote.AbstractProtocol.start Starting ProtocolHandler ["http-nio-9999"]
22-Mar-2018 11:44:04.775 INFO [main] org.apache.coyote.AbstractProtocol.start Starting ProtocolHandler ["ajp-nio-8009"]
22-Mar-2018 11:44:04.777 INFO [main] org.apache.catalina.startup.Catalina.start Server startup in 1351 ms
22-Mar-2018 13:27:38.486 INFO [Thread-5] org.apache.coyote.AbstractProtocol.pause Pausing ProtocolHandler ["http-nio-9999"]
22-Mar-2018 13:27:38.494 INFO [Thread-5] org.apache.coyote.AbstractProtocol.pause Pausing ProtocolHandler ["ajp-nio-8009"]
22-Mar-2018 13:27:38.546 INFO [Thread-5] org.apache.catalina.core.StandardService.stopInternal Stopping service [Catalina]
22-Mar-2018 13:27:38.586 INFO [Thread-5] org.apache.coyote.AbstractProtocol.stop Stopping ProtocolHandler ["http-nio-9999"]
22-Mar-2018 13:27:38.606 INFO [Thread-5] org.apache.coyote.AbstractProtocol.stop Stopping ProtocolHandler ["ajp-nio-8009"]
22-Mar-2018 13:27:38.608 INFO [Thread-5] org.apache.coyote.AbstractProtocol.destroy Destroying ProtocolHandler ["http-nio-9999"]
22-Mar-2018 13:27:38.609 INFO [Thread-5] org.apache.coyote.AbstractProtocol.destroy Destroying ProtocolHandler ["ajp-nio-8009"]
