18-Mar-2018 19:10:18.745 INFO [main] org.apache.catalina.startup.VersionLoggerListener.log Server version:        Apache Tomcat/9.0.6
18-Mar-2018 19:10:18.750 INFO [main] org.apache.catalina.startup.VersionLoggerListener.log Server built:          Mar 5 2018 09:34:35 UTC
18-Mar-2018 19:10:18.750 INFO [main] org.apache.catalina.startup.VersionLoggerListener.log Server number:         9.0.6.0
18-Mar-2018 19:10:18.750 INFO [main] org.apache.catalina.startup.VersionLoggerListener.log OS Name:               Mac OS X
18-Mar-2018 19:10:18.750 INFO [main] org.apache.catalina.startup.VersionLoggerListener.log OS Version:            10.12.6
18-Mar-2018 19:10:18.750 INFO [main] org.apache.catalina.startup.VersionLoggerListener.log Architecture:          x86_64
18-Mar-2018 19:10:18.750 INFO [main] org.apache.catalina.startup.VersionLoggerListener.log Java Home:             /Library/Java/JavaVirtualMachines/jdk1.8.0_131.jdk/Contents/Home/jre
18-Mar-2018 19:10:18.750 INFO [main] org.apache.catalina.startup.VersionLoggerListener.log JVM Version:           1.8.0_131-b11
18-Mar-2018 19:10:18.751 INFO [main] org.apache.catalina.startup.VersionLoggerListener.log JVM Vendor:            Oracle Corporation
18-Mar-2018 19:10:18.751 INFO [main] org.apache.catalina.startup.VersionLoggerListener.log CATALINA_BASE:         /Year3/Courses/2xb3/project/2XB3_Food_Fitter_Group_6/tomcat
18-Mar-2018 19:10:18.752 INFO [main] org.apache.catalina.startup.VersionLoggerListener.log CATALINA_HOME:         /Year3/Courses/2xb3/project/2XB3_Food_Fitter_Group_6/tomcat
18-Mar-2018 19:10:18.753 INFO [main] org.apache.catalina.startup.VersionLoggerListener.log Command line argument: -Djava.util.logging.config.file=/year3/courses/2xb3/project/2XB3_Food_Fitter_Group_6/tomcat/conf/logging.properties
18-Mar-2018 19:10:18.753 INFO [main] org.apache.catalina.startup.VersionLoggerListener.log Command line argument: -Djava.util.logging.manager=org.apache.juli.ClassLoaderLogManager
18-Mar-2018 19:10:18.753 INFO [main] org.apache.catalina.startup.VersionLoggerListener.log Command line argument: -Djdk.tls.ephemeralDHKeySize=2048
18-Mar-2018 19:10:18.753 INFO [main] org.apache.catalina.startup.VersionLoggerListener.log Command line argument: -Djava.protocol.handler.pkgs=org.apache.catalina.webresources
18-Mar-2018 19:10:18.753 INFO [main] org.apache.catalina.startup.VersionLoggerListener.log Command line argument: -Dignore.endorsed.dirs=
18-Mar-2018 19:10:18.754 INFO [main] org.apache.catalina.startup.VersionLoggerListener.log Command line argument: -Dcatalina.base=/year3/courses/2xb3/project/2XB3_Food_Fitter_Group_6/tomcat
18-Mar-2018 19:10:18.754 INFO [main] org.apache.catalina.startup.VersionLoggerListener.log Command line argument: -Dcatalina.home=/year3/courses/2xb3/project/2XB3_Food_Fitter_Group_6/tomcat
18-Mar-2018 19:10:18.754 INFO [main] org.apache.catalina.startup.VersionLoggerListener.log Command line argument: -Djava.io.tmpdir=/year3/courses/2xb3/project/2XB3_Food_Fitter_Group_6/tomcat/temp
18-Mar-2018 19:10:18.754 INFO [main] org.apache.catalina.core.AprLifecycleListener.lifecycleEvent The APR based Apache Tomcat Native library which allows optimal performance in production environments was not found on the java.library.path: [/Users/Sophia/Library/Java/Extensions:/Library/Java/Extensions:/Network/Library/Java/Extensions:/System/Library/Java/Extensions:/usr/lib/java:.]
18-Mar-2018 19:10:19.057 INFO [main] org.apache.coyote.AbstractProtocol.init Initializing ProtocolHandler ["http-nio-9999"]
18-Mar-2018 19:10:19.118 INFO [main] org.apache.tomcat.util.net.NioSelectorPool.getSharedSelector Using a shared selector for servlet write/read
18-Mar-2018 19:10:19.129 INFO [main] org.apache.coyote.AbstractProtocol.init Initializing ProtocolHandler ["ajp-nio-8009"]
18-Mar-2018 19:10:19.130 INFO [main] org.apache.tomcat.util.net.NioSelectorPool.getSharedSelector Using a shared selector for servlet write/read
18-Mar-2018 19:10:19.131 INFO [main] org.apache.catalina.startup.Catalina.load Initialization processed in 1217 ms
18-Mar-2018 19:10:19.188 INFO [main] org.apache.catalina.core.StandardService.startInternal Starting service [Catalina]
18-Mar-2018 19:10:19.188 INFO [main] org.apache.catalina.core.StandardEngine.startInternal Starting Servlet Engine: Apache Tomcat/9.0.6
18-Mar-2018 19:10:19.209 INFO [main] org.apache.catalina.startup.HostConfig.deployDirectory Deploying web application directory [/Year3/Courses/2xb3/project/2XB3_Food_Fitter_Group_6/tomcat/webapps/docs]
18-Mar-2018 19:10:19.827 INFO [main] org.apache.catalina.startup.HostConfig.deployDirectory Deployment of web application directory [/Year3/Courses/2xb3/project/2XB3_Food_Fitter_Group_6/tomcat/webapps/docs] has finished in [618] ms
18-Mar-2018 19:10:19.827 INFO [main] org.apache.catalina.startup.HostConfig.deployDirectory Deploying web application directory [/Year3/Courses/2xb3/project/2XB3_Food_Fitter_Group_6/tomcat/webapps/examples]
18-Mar-2018 19:10:20.256 INFO [main] org.apache.catalina.startup.HostConfig.deployDirectory Deployment of web application directory [/Year3/Courses/2xb3/project/2XB3_Food_Fitter_Group_6/tomcat/webapps/examples] has finished in [428] ms
18-Mar-2018 19:10:20.256 INFO [main] org.apache.catalina.startup.HostConfig.deployDirectory Deploying web application directory [/Year3/Courses/2xb3/project/2XB3_Food_Fitter_Group_6/tomcat/webapps/hello]
18-Mar-2018 19:10:20.300 INFO [main] org.apache.catalina.startup.HostConfig.deployDirectory Deployment of web application directory [/Year3/Courses/2xb3/project/2XB3_Food_Fitter_Group_6/tomcat/webapps/hello] has finished in [43] ms
18-Mar-2018 19:10:20.300 INFO [main] org.apache.catalina.startup.HostConfig.deployDirectory Deploying web application directory [/Year3/Courses/2xb3/project/2XB3_Food_Fitter_Group_6/tomcat/webapps/host-manager]
18-Mar-2018 19:10:20.346 INFO [main] org.apache.catalina.startup.HostConfig.deployDirectory Deployment of web application directory [/Year3/Courses/2xb3/project/2XB3_Food_Fitter_Group_6/tomcat/webapps/host-manager] has finished in [45] ms
18-Mar-2018 19:10:20.346 INFO [main] org.apache.catalina.startup.HostConfig.deployDirectory Deploying web application directory [/Year3/Courses/2xb3/project/2XB3_Food_Fitter_Group_6/tomcat/webapps/manager]
18-Mar-2018 19:10:20.369 INFO [main] org.apache.catalina.startup.HostConfig.deployDirectory Deployment of web application directory [/Year3/Courses/2xb3/project/2XB3_Food_Fitter_Group_6/tomcat/webapps/manager] has finished in [23] ms
18-Mar-2018 19:10:20.370 INFO [main] org.apache.catalina.startup.HostConfig.deployDirectory Deploying web application directory [/Year3/Courses/2xb3/project/2XB3_Food_Fitter_Group_6/tomcat/webapps/ROOT]
18-Mar-2018 19:10:20.388 INFO [main] org.apache.catalina.startup.HostConfig.deployDirectory Deployment of web application directory [/Year3/Courses/2xb3/project/2XB3_Food_Fitter_Group_6/tomcat/webapps/ROOT] has finished in [18] ms
18-Mar-2018 19:10:20.393 INFO [main] org.apache.coyote.AbstractProtocol.start Starting ProtocolHandler ["http-nio-9999"]
18-Mar-2018 19:10:20.403 INFO [main] org.apache.coyote.AbstractProtocol.start Starting ProtocolHandler ["ajp-nio-8009"]
18-Mar-2018 19:10:20.405 INFO [main] org.apache.catalina.startup.Catalina.start Server startup in 1274 ms
18-Mar-2018 19:12:21.516 INFO [Thread-5] org.apache.coyote.AbstractProtocol.pause Pausing ProtocolHandler ["http-nio-9999"]
18-Mar-2018 19:12:21.529 INFO [Thread-5] org.apache.coyote.AbstractProtocol.pause Pausing ProtocolHandler ["ajp-nio-8009"]
18-Mar-2018 19:12:21.581 INFO [Thread-5] org.apache.catalina.core.StandardService.stopInternal Stopping service [Catalina]
18-Mar-2018 19:12:21.621 INFO [Thread-5] org.apache.coyote.AbstractProtocol.stop Stopping ProtocolHandler ["http-nio-9999"]
18-Mar-2018 19:12:21.624 INFO [Thread-5] org.apache.coyote.AbstractProtocol.stop Stopping ProtocolHandler ["ajp-nio-8009"]
18-Mar-2018 19:12:21.625 INFO [Thread-5] org.apache.coyote.AbstractProtocol.destroy Destroying ProtocolHandler ["http-nio-9999"]
18-Mar-2018 19:12:21.626 INFO [Thread-5] org.apache.coyote.AbstractProtocol.destroy Destroying ProtocolHandler ["ajp-nio-8009"]
18-Mar-2018 19:12:26.497 INFO [main] org.apache.catalina.startup.VersionLoggerListener.log Server version:        Apache Tomcat/9.0.6
18-Mar-2018 19:12:26.500 INFO [main] org.apache.catalina.startup.VersionLoggerListener.log Server built:          Mar 5 2018 09:34:35 UTC
18-Mar-2018 19:12:26.501 INFO [main] org.apache.catalina.startup.VersionLoggerListener.log Server number:         9.0.6.0
18-Mar-2018 19:12:26.501 INFO [main] org.apache.catalina.startup.VersionLoggerListener.log OS Name:               Mac OS X
18-Mar-2018 19:12:26.502 INFO [main] org.apache.catalina.startup.VersionLoggerListener.log OS Version:            10.12.6
18-Mar-2018 19:12:26.502 INFO [main] org.apache.catalina.startup.VersionLoggerListener.log Architecture:          x86_64
18-Mar-2018 19:12:26.502 INFO [main] org.apache.catalina.startup.VersionLoggerListener.log Java Home:             /Library/Java/JavaVirtualMachines/jdk1.8.0_131.jdk/Contents/Home/jre
18-Mar-2018 19:12:26.502 INFO [main] org.apache.catalina.startup.VersionLoggerListener.log JVM Version:           1.8.0_131-b11
18-Mar-2018 19:12:26.503 INFO [main] org.apache.catalina.startup.VersionLoggerListener.log JVM Vendor:            Oracle Corporation
18-Mar-2018 19:12:26.503 INFO [main] org.apache.catalina.startup.VersionLoggerListener.log CATALINA_BASE:         /Year3/Courses/2xb3/project/2XB3_Food_Fitter_Group_6/tomcat
18-Mar-2018 19:12:26.503 INFO [main] org.apache.catalina.startup.VersionLoggerListener.log CATALINA_HOME:         /Year3/Courses/2xb3/project/2XB3_Food_Fitter_Group_6/tomcat
18-Mar-2018 19:12:26.504 INFO [main] org.apache.catalina.startup.VersionLoggerListener.log Command line argument: -Djava.util.logging.config.file=/year3/courses/2xb3/project/2XB3_Food_Fitter_Group_6/tomcat/conf/logging.properties
18-Mar-2018 19:12:26.504 INFO [main] org.apache.catalina.startup.VersionLoggerListener.log Command line argument: -Djava.util.logging.manager=org.apache.juli.ClassLoaderLogManager
18-Mar-2018 19:12:26.505 INFO [main] org.apache.catalina.startup.VersionLoggerListener.log Command line argument: -Djdk.tls.ephemeralDHKeySize=2048
18-Mar-2018 19:12:26.505 INFO [main] org.apache.catalina.startup.VersionLoggerListener.log Command line argument: -Djava.protocol.handler.pkgs=org.apache.catalina.webresources
18-Mar-2018 19:12:26.505 INFO [main] org.apache.catalina.startup.VersionLoggerListener.log Command line argument: -Dignore.endorsed.dirs=
18-Mar-2018 19:12:26.505 INFO [main] org.apache.catalina.startup.VersionLoggerListener.log Command line argument: -Dcatalina.base=/year3/courses/2xb3/project/2XB3_Food_Fitter_Group_6/tomcat
18-Mar-2018 19:12:26.506 INFO [main] org.apache.catalina.startup.VersionLoggerListener.log Command line argument: -Dcatalina.home=/year3/courses/2xb3/project/2XB3_Food_Fitter_Group_6/tomcat
18-Mar-2018 19:12:26.506 INFO [main] org.apache.catalina.startup.VersionLoggerListener.log Command line argument: -Djava.io.tmpdir=/year3/courses/2xb3/project/2XB3_Food_Fitter_Group_6/tomcat/temp
18-Mar-2018 19:12:26.506 INFO [main] org.apache.catalina.core.AprLifecycleListener.lifecycleEvent The APR based Apache Tomcat Native library which allows optimal performance in production environments was not found on the java.library.path: [/Users/Sophia/Library/Java/Extensions:/Library/Java/Extensions:/Network/Library/Java/Extensions:/System/Library/Java/Extensions:/usr/lib/java:.]
18-Mar-2018 19:12:26.639 INFO [main] org.apache.coyote.AbstractProtocol.init Initializing ProtocolHandler ["http-nio-9999"]
18-Mar-2018 19:12:26.662 INFO [main] org.apache.tomcat.util.net.NioSelectorPool.getSharedSelector Using a shared selector for servlet write/read
18-Mar-2018 19:12:26.670 INFO [main] org.apache.coyote.AbstractProtocol.init Initializing ProtocolHandler ["ajp-nio-8009"]
18-Mar-2018 19:12:26.671 INFO [main] org.apache.tomcat.util.net.NioSelectorPool.getSharedSelector Using a shared selector for servlet write/read
18-Mar-2018 19:12:26.672 INFO [main] org.apache.catalina.startup.Catalina.load Initialization processed in 652 ms
18-Mar-2018 19:12:26.699 INFO [main] org.apache.catalina.core.StandardService.startInternal Starting service [Catalina]
18-Mar-2018 19:12:26.699 INFO [main] org.apache.catalina.core.StandardEngine.startInternal Starting Servlet Engine: Apache Tomcat/9.0.6
18-Mar-2018 19:12:26.707 INFO [main] org.apache.catalina.startup.HostConfig.deployDirectory Deploying web application directory [/Year3/Courses/2xb3/project/2XB3_Food_Fitter_Group_6/tomcat/webapps/docs]
18-Mar-2018 19:12:27.043 INFO [main] org.apache.catalina.startup.HostConfig.deployDirectory Deployment of web application directory [/Year3/Courses/2xb3/project/2XB3_Food_Fitter_Group_6/tomcat/webapps/docs] has finished in [336] ms
18-Mar-2018 19:12:27.044 INFO [main] org.apache.catalina.startup.HostConfig.deployDirectory Deploying web application directory [/Year3/Courses/2xb3/project/2XB3_Food_Fitter_Group_6/tomcat/webapps/examples]
18-Mar-2018 19:12:27.411 INFO [main] org.apache.catalina.startup.HostConfig.deployDirectory Deployment of web application directory [/Year3/Courses/2xb3/project/2XB3_Food_Fitter_Group_6/tomcat/webapps/examples] has finished in [367] ms
18-Mar-2018 19:12:27.411 INFO [main] org.apache.catalina.startup.HostConfig.deployDirectory Deploying web application directory [/Year3/Courses/2xb3/project/2XB3_Food_Fitter_Group_6/tomcat/webapps/hello]
18-Mar-2018 19:12:27.455 INFO [main] org.apache.catalina.startup.HostConfig.deployDirectory Deployment of web application directory [/Year3/Courses/2xb3/project/2XB3_Food_Fitter_Group_6/tomcat/webapps/hello] has finished in [44] ms
18-Mar-2018 19:12:27.456 INFO [main] org.apache.catalina.startup.HostConfig.deployDirectory Deploying web application directory [/Year3/Courses/2xb3/project/2XB3_Food_Fitter_Group_6/tomcat/webapps/host-manager]
18-Mar-2018 19:12:27.491 INFO [main] org.apache.catalina.startup.HostConfig.deployDirectory Deployment of web application directory [/Year3/Courses/2xb3/project/2XB3_Food_Fitter_Group_6/tomcat/webapps/host-manager] has finished in [35] ms
18-Mar-2018 19:12:27.491 INFO [main] org.apache.catalina.startup.HostConfig.deployDirectory Deploying web application directory [/Year3/Courses/2xb3/project/2XB3_Food_Fitter_Group_6/tomcat/webapps/manager]
18-Mar-2018 19:12:27.522 INFO [main] org.apache.catalina.startup.HostConfig.deployDirectory Deployment of web application directory [/Year3/Courses/2xb3/project/2XB3_Food_Fitter_Group_6/tomcat/webapps/manager] has finished in [31] ms
18-Mar-2018 19:12:27.523 INFO [main] org.apache.catalina.startup.HostConfig.deployDirectory Deploying web application directory [/Year3/Courses/2xb3/project/2XB3_Food_Fitter_Group_6/tomcat/webapps/ROOT]
18-Mar-2018 19:12:27.547 INFO [main] org.apache.catalina.startup.HostConfig.deployDirectory Deployment of web application directory [/Year3/Courses/2xb3/project/2XB3_Food_Fitter_Group_6/tomcat/webapps/ROOT] has finished in [23] ms
18-Mar-2018 19:12:27.552 INFO [main] org.apache.coyote.AbstractProtocol.start Starting ProtocolHandler ["http-nio-9999"]
18-Mar-2018 19:12:27.561 INFO [main] org.apache.coyote.AbstractProtocol.start Starting ProtocolHandler ["ajp-nio-8009"]
18-Mar-2018 19:12:27.563 INFO [main] org.apache.catalina.startup.Catalina.start Server startup in 891 ms
18-Mar-2018 19:12:56.856 INFO [Thread-5] org.apache.coyote.AbstractProtocol.pause Pausing ProtocolHandler ["http-nio-9999"]
18-Mar-2018 19:12:56.866 INFO [Thread-5] org.apache.coyote.AbstractProtocol.pause Pausing ProtocolHandler ["ajp-nio-8009"]
18-Mar-2018 19:12:56.921 INFO [Thread-5] org.apache.catalina.core.StandardService.stopInternal Stopping service [Catalina]
18-Mar-2018 19:12:56.953 INFO [Thread-5] org.apache.coyote.AbstractProtocol.stop Stopping ProtocolHandler ["http-nio-9999"]
18-Mar-2018 19:12:56.956 INFO [Thread-5] org.apache.coyote.AbstractProtocol.stop Stopping ProtocolHandler ["ajp-nio-8009"]
18-Mar-2018 19:12:56.958 INFO [Thread-5] org.apache.coyote.AbstractProtocol.destroy Destroying ProtocolHandler ["http-nio-9999"]
18-Mar-2018 19:12:56.959 INFO [Thread-5] org.apache.coyote.AbstractProtocol.destroy Destroying ProtocolHandler ["ajp-nio-8009"]
18-Mar-2018 19:12:58.417 INFO [main] org.apache.catalina.startup.VersionLoggerListener.log Server version:        Apache Tomcat/9.0.6
18-Mar-2018 19:12:58.421 INFO [main] org.apache.catalina.startup.VersionLoggerListener.log Server built:          Mar 5 2018 09:34:35 UTC
18-Mar-2018 19:12:58.421 INFO [main] org.apache.catalina.startup.VersionLoggerListener.log Server number:         9.0.6.0
18-Mar-2018 19:12:58.421 INFO [main] org.apache.catalina.startup.VersionLoggerListener.log OS Name:               Mac OS X
18-Mar-2018 19:12:58.422 INFO [main] org.apache.catalina.startup.VersionLoggerListener.log OS Version:            10.12.6
18-Mar-2018 19:12:58.422 INFO [main] org.apache.catalina.startup.VersionLoggerListener.log Architecture:          x86_64
18-Mar-2018 19:12:58.422 INFO [main] org.apache.catalina.startup.VersionLoggerListener.log Java Home:             /Library/Java/JavaVirtualMachines/jdk1.8.0_131.jdk/Contents/Home/jre
18-Mar-2018 19:12:58.422 INFO [main] org.apache.catalina.startup.VersionLoggerListener.log JVM Version:           1.8.0_131-b11
18-Mar-2018 19:12:58.423 INFO [main] org.apache.catalina.startup.VersionLoggerListener.log JVM Vendor:            Oracle Corporation
18-Mar-2018 19:12:58.423 INFO [main] org.apache.catalina.startup.VersionLoggerListener.log CATALINA_BASE:         /Year3/Courses/2xb3/project/2XB3_Food_Fitter_Group_6/tomcat
18-Mar-2018 19:12:58.423 INFO [main] org.apache.catalina.startup.VersionLoggerListener.log CATALINA_HOME:         /Year3/Courses/2xb3/project/2XB3_Food_Fitter_Group_6/tomcat
18-Mar-2018 19:12:58.424 INFO [main] org.apache.catalina.startup.VersionLoggerListener.log Command line argument: -Djava.util.logging.config.file=/year3/courses/2xb3/project/2XB3_Food_Fitter_Group_6/tomcat/conf/logging.properties
18-Mar-2018 19:12:58.424 INFO [main] org.apache.catalina.startup.VersionLoggerListener.log Command line argument: -Djava.util.logging.manager=org.apache.juli.ClassLoaderLogManager
18-Mar-2018 19:12:58.425 INFO [main] org.apache.catalina.startup.VersionLoggerListener.log Command line argument: -Djdk.tls.ephemeralDHKeySize=2048
18-Mar-2018 19:12:58.425 INFO [main] org.apache.catalina.startup.VersionLoggerListener.log Command line argument: -Djava.protocol.handler.pkgs=org.apache.catalina.webresources
18-Mar-2018 19:12:58.425 INFO [main] org.apache.catalina.startup.VersionLoggerListener.log Command line argument: -Dignore.endorsed.dirs=
18-Mar-2018 19:12:58.425 INFO [main] org.apache.catalina.startup.VersionLoggerListener.log Command line argument: -Dcatalina.base=/year3/courses/2xb3/project/2XB3_Food_Fitter_Group_6/tomcat
18-Mar-2018 19:12:58.426 INFO [main] org.apache.catalina.startup.VersionLoggerListener.log Command line argument: -Dcatalina.home=/year3/courses/2xb3/project/2XB3_Food_Fitter_Group_6/tomcat
18-Mar-2018 19:12:58.426 INFO [main] org.apache.catalina.startup.VersionLoggerListener.log Command line argument: -Djava.io.tmpdir=/year3/courses/2xb3/project/2XB3_Food_Fitter_Group_6/tomcat/temp
18-Mar-2018 19:12:58.426 INFO [main] org.apache.catalina.core.AprLifecycleListener.lifecycleEvent The APR based Apache Tomcat Native library which allows optimal performance in production environments was not found on the java.library.path: [/Users/Sophia/Library/Java/Extensions:/Library/Java/Extensions:/Network/Library/Java/Extensions:/System/Library/Java/Extensions:/usr/lib/java:.]
18-Mar-2018 19:12:58.616 INFO [main] org.apache.coyote.AbstractProtocol.init Initializing ProtocolHandler ["http-nio-9999"]
18-Mar-2018 19:12:58.646 INFO [main] org.apache.tomcat.util.net.NioSelectorPool.getSharedSelector Using a shared selector for servlet write/read
18-Mar-2018 19:12:58.658 INFO [main] org.apache.coyote.AbstractProtocol.init Initializing ProtocolHandler ["ajp-nio-8009"]
18-Mar-2018 19:12:58.660 INFO [main] org.apache.tomcat.util.net.NioSelectorPool.getSharedSelector Using a shared selector for servlet write/read
18-Mar-2018 19:12:58.661 INFO [main] org.apache.catalina.startup.Catalina.load Initialization processed in 744 ms
18-Mar-2018 19:12:58.693 INFO [main] org.apache.catalina.core.StandardService.startInternal Starting service [Catalina]
18-Mar-2018 19:12:58.693 INFO [main] org.apache.catalina.core.StandardEngine.startInternal Starting Servlet Engine: Apache Tomcat/9.0.6
18-Mar-2018 19:12:58.705 INFO [main] org.apache.catalina.startup.HostConfig.deployDirectory Deploying web application directory [/Year3/Courses/2xb3/project/2XB3_Food_Fitter_Group_6/tomcat/webapps/docs]
18-Mar-2018 19:12:59.218 INFO [main] org.apache.catalina.startup.HostConfig.deployDirectory Deployment of web application directory [/Year3/Courses/2xb3/project/2XB3_Food_Fitter_Group_6/tomcat/webapps/docs] has finished in [511] ms
18-Mar-2018 19:12:59.218 INFO [main] org.apache.catalina.startup.HostConfig.deployDirectory Deploying web application directory [/Year3/Courses/2xb3/project/2XB3_Food_Fitter_Group_6/tomcat/webapps/examples]
18-Mar-2018 19:12:59.598 INFO [main] org.apache.catalina.startup.HostConfig.deployDirectory Deployment of web application directory [/Year3/Courses/2xb3/project/2XB3_Food_Fitter_Group_6/tomcat/webapps/examples] has finished in [380] ms
18-Mar-2018 19:12:59.599 INFO [main] org.apache.catalina.startup.HostConfig.deployDirectory Deploying web application directory [/Year3/Courses/2xb3/project/2XB3_Food_Fitter_Group_6/tomcat/webapps/hello]
18-Mar-2018 19:12:59.637 INFO [main] org.apache.catalina.startup.HostConfig.deployDirectory Deployment of web application directory [/Year3/Courses/2xb3/project/2XB3_Food_Fitter_Group_6/tomcat/webapps/hello] has finished in [39] ms
18-Mar-2018 19:12:59.637 INFO [main] org.apache.catalina.startup.HostConfig.deployDirectory Deploying web application directory [/Year3/Courses/2xb3/project/2XB3_Food_Fitter_Group_6/tomcat/webapps/host-manager]
18-Mar-2018 19:12:59.664 INFO [main] org.apache.catalina.startup.HostConfig.deployDirectory Deployment of web application directory [/Year3/Courses/2xb3/project/2XB3_Food_Fitter_Group_6/tomcat/webapps/host-manager] has finished in [27] ms
18-Mar-2018 19:12:59.664 INFO [main] org.apache.catalina.startup.HostConfig.deployDirectory Deploying web application directory [/Year3/Courses/2xb3/project/2XB3_Food_Fitter_Group_6/tomcat/webapps/manager]
18-Mar-2018 19:12:59.695 INFO [main] org.apache.catalina.startup.HostConfig.deployDirectory Deployment of web application directory [/Year3/Courses/2xb3/project/2XB3_Food_Fitter_Group_6/tomcat/webapps/manager] has finished in [31] ms
18-Mar-2018 19:12:59.696 INFO [main] org.apache.catalina.startup.HostConfig.deployDirectory Deploying web application directory [/Year3/Courses/2xb3/project/2XB3_Food_Fitter_Group_6/tomcat/webapps/ROOT]
18-Mar-2018 19:12:59.714 INFO [main] org.apache.catalina.startup.HostConfig.deployDirectory Deployment of web application directory [/Year3/Courses/2xb3/project/2XB3_Food_Fitter_Group_6/tomcat/webapps/ROOT] has finished in [18] ms
18-Mar-2018 19:12:59.718 INFO [main] org.apache.coyote.AbstractProtocol.start Starting ProtocolHandler ["http-nio-9999"]
18-Mar-2018 19:12:59.730 INFO [main] org.apache.coyote.AbstractProtocol.start Starting ProtocolHandler ["ajp-nio-8009"]
18-Mar-2018 19:12:59.732 INFO [main] org.apache.catalina.startup.Catalina.start Server startup in 1071 ms
18-Mar-2018 19:13:19.739 INFO [ContainerBackgroundProcessor[StandardEngine[Catalina]]] org.apache.catalina.core.StandardContext.reload Reloading Context with name [/hello] has started
18-Mar-2018 19:13:19.767 INFO [ContainerBackgroundProcessor[StandardEngine[Catalina]]] org.apache.catalina.core.StandardContext.reload Reloading Context with name [/hello] is completed
18-Mar-2018 19:18:00.075 INFO [ContainerBackgroundProcessor[StandardEngine[Catalina]]] org.apache.catalina.core.StandardContext.reload Reloading Context with name [/hello] has started
18-Mar-2018 19:18:00.100 INFO [ContainerBackgroundProcessor[StandardEngine[Catalina]]] org.apache.catalina.core.StandardContext.reload Reloading Context with name [/hello] is completed
18-Mar-2018 19:18:12.448 INFO [Thread-5] org.apache.coyote.AbstractProtocol.pause Pausing ProtocolHandler ["http-nio-9999"]
18-Mar-2018 19:18:12.457 INFO [Thread-5] org.apache.coyote.AbstractProtocol.pause Pausing ProtocolHandler ["ajp-nio-8009"]
18-Mar-2018 19:18:12.511 INFO [Thread-5] org.apache.catalina.core.StandardService.stopInternal Stopping service [Catalina]
18-Mar-2018 19:18:12.538 INFO [Thread-5] org.apache.coyote.AbstractProtocol.stop Stopping ProtocolHandler ["http-nio-9999"]
18-Mar-2018 19:18:12.541 INFO [Thread-5] org.apache.coyote.AbstractProtocol.stop Stopping ProtocolHandler ["ajp-nio-8009"]
18-Mar-2018 19:18:12.543 INFO [Thread-5] org.apache.coyote.AbstractProtocol.destroy Destroying ProtocolHandler ["http-nio-9999"]
18-Mar-2018 19:18:12.545 INFO [Thread-5] org.apache.coyote.AbstractProtocol.destroy Destroying ProtocolHandler ["ajp-nio-8009"]
18-Mar-2018 19:18:14.306 INFO [main] org.apache.catalina.startup.VersionLoggerListener.log Server version:        Apache Tomcat/9.0.6
18-Mar-2018 19:18:14.311 INFO [main] org.apache.catalina.startup.VersionLoggerListener.log Server built:          Mar 5 2018 09:34:35 UTC
18-Mar-2018 19:18:14.311 INFO [main] org.apache.catalina.startup.VersionLoggerListener.log Server number:         9.0.6.0
18-Mar-2018 19:18:14.312 INFO [main] org.apache.catalina.startup.VersionLoggerListener.log OS Name:               Mac OS X
18-Mar-2018 19:18:14.312 INFO [main] org.apache.catalina.startup.VersionLoggerListener.log OS Version:            10.12.6
18-Mar-2018 19:18:14.312 INFO [main] org.apache.catalina.startup.VersionLoggerListener.log Architecture:          x86_64
18-Mar-2018 19:18:14.313 INFO [main] org.apache.catalina.startup.VersionLoggerListener.log Java Home:             /Library/Java/JavaVirtualMachines/jdk1.8.0_131.jdk/Contents/Home/jre
18-Mar-2018 19:18:14.313 INFO [main] org.apache.catalina.startup.VersionLoggerListener.log JVM Version:           1.8.0_131-b11
18-Mar-2018 19:18:14.314 INFO [main] org.apache.catalina.startup.VersionLoggerListener.log JVM Vendor:            Oracle Corporation
18-Mar-2018 19:18:14.314 INFO [main] org.apache.catalina.startup.VersionLoggerListener.log CATALINA_BASE:         /Year3/Courses/2xb3/project/2XB3_Food_Fitter_Group_6/tomcat
18-Mar-2018 19:18:14.314 INFO [main] org.apache.catalina.startup.VersionLoggerListener.log CATALINA_HOME:         /Year3/Courses/2xb3/project/2XB3_Food_Fitter_Group_6/tomcat
18-Mar-2018 19:18:14.315 INFO [main] org.apache.catalina.startup.VersionLoggerListener.log Command line argument: -Djava.util.logging.config.file=/year3/courses/2xb3/project/2XB3_Food_Fitter_Group_6/tomcat/conf/logging.properties
18-Mar-2018 19:18:14.316 INFO [main] org.apache.catalina.startup.VersionLoggerListener.log Command line argument: -Djava.util.logging.manager=org.apache.juli.ClassLoaderLogManager
18-Mar-2018 19:18:14.316 INFO [main] org.apache.catalina.startup.VersionLoggerListener.log Command line argument: -Djdk.tls.ephemeralDHKeySize=2048
18-Mar-2018 19:18:14.317 INFO [main] org.apache.catalina.startup.VersionLoggerListener.log Command line argument: -Djava.protocol.handler.pkgs=org.apache.catalina.webresources
18-Mar-2018 19:18:14.317 INFO [main] org.apache.catalina.startup.VersionLoggerListener.log Command line argument: -Dignore.endorsed.dirs=
18-Mar-2018 19:18:14.317 INFO [main] org.apache.catalina.startup.VersionLoggerListener.log Command line argument: -Dcatalina.base=/year3/courses/2xb3/project/2XB3_Food_Fitter_Group_6/tomcat
18-Mar-2018 19:18:14.318 INFO [main] org.apache.catalina.startup.VersionLoggerListener.log Command line argument: -Dcatalina.home=/year3/courses/2xb3/project/2XB3_Food_Fitter_Group_6/tomcat
18-Mar-2018 19:18:14.318 INFO [main] org.apache.catalina.startup.VersionLoggerListener.log Command line argument: -Djava.io.tmpdir=/year3/courses/2xb3/project/2XB3_Food_Fitter_Group_6/tomcat/temp
18-Mar-2018 19:18:14.318 INFO [main] org.apache.catalina.core.AprLifecycleListener.lifecycleEvent The APR based Apache Tomcat Native library which allows optimal performance in production environments was not found on the java.library.path: [/Users/Sophia/Library/Java/Extensions:/Library/Java/Extensions:/Network/Library/Java/Extensions:/System/Library/Java/Extensions:/usr/lib/java:.]
18-Mar-2018 19:18:14.471 INFO [main] org.apache.coyote.AbstractProtocol.init Initializing ProtocolHandler ["http-nio-9999"]
18-Mar-2018 19:18:14.490 INFO [main] org.apache.tomcat.util.net.NioSelectorPool.getSharedSelector Using a shared selector for servlet write/read
18-Mar-2018 19:18:14.498 INFO [main] org.apache.coyote.AbstractProtocol.init Initializing ProtocolHandler ["ajp-nio-8009"]
18-Mar-2018 19:18:14.499 INFO [main] org.apache.tomcat.util.net.NioSelectorPool.getSharedSelector Using a shared selector for servlet write/read
18-Mar-2018 19:18:14.499 INFO [main] org.apache.catalina.startup.Catalina.load Initialization processed in 699 ms
18-Mar-2018 19:18:14.526 INFO [main] org.apache.catalina.core.StandardService.startInternal Starting service [Catalina]
18-Mar-2018 19:18:14.526 INFO [main] org.apache.catalina.core.StandardEngine.startInternal Starting Servlet Engine: Apache Tomcat/9.0.6
18-Mar-2018 19:18:14.534 INFO [main] org.apache.catalina.startup.HostConfig.deployDirectory Deploying web application directory [/Year3/Courses/2xb3/project/2XB3_Food_Fitter_Group_6/tomcat/webapps/docs]
18-Mar-2018 19:18:14.885 INFO [main] org.apache.catalina.startup.HostConfig.deployDirectory Deployment of web application directory [/Year3/Courses/2xb3/project/2XB3_Food_Fitter_Group_6/tomcat/webapps/docs] has finished in [350] ms
18-Mar-2018 19:18:14.885 INFO [main] org.apache.catalina.startup.HostConfig.deployDirectory Deploying web application directory [/Year3/Courses/2xb3/project/2XB3_Food_Fitter_Group_6/tomcat/webapps/examples]
18-Mar-2018 19:18:15.231 INFO [main] org.apache.catalina.startup.HostConfig.deployDirectory Deployment of web application directory [/Year3/Courses/2xb3/project/2XB3_Food_Fitter_Group_6/tomcat/webapps/examples] has finished in [346] ms
18-Mar-2018 19:18:15.231 INFO [main] org.apache.catalina.startup.HostConfig.deployDirectory Deploying web application directory [/Year3/Courses/2xb3/project/2XB3_Food_Fitter_Group_6/tomcat/webapps/hello]
18-Mar-2018 19:18:15.263 INFO [main] org.apache.catalina.startup.HostConfig.deployDirectory Deployment of web application directory [/Year3/Courses/2xb3/project/2XB3_Food_Fitter_Group_6/tomcat/webapps/hello] has finished in [32] ms
18-Mar-2018 19:18:15.263 INFO [main] org.apache.catalina.startup.HostConfig.deployDirectory Deploying web application directory [/Year3/Courses/2xb3/project/2XB3_Food_Fitter_Group_6/tomcat/webapps/host-manager]
18-Mar-2018 19:18:15.301 INFO [main] org.apache.catalina.startup.HostConfig.deployDirectory Deployment of web application directory [/Year3/Courses/2xb3/project/2XB3_Food_Fitter_Group_6/tomcat/webapps/host-manager] has finished in [38] ms
18-Mar-2018 19:18:15.302 INFO [main] org.apache.catalina.startup.HostConfig.deployDirectory Deploying web application directory [/Year3/Courses/2xb3/project/2XB3_Food_Fitter_Group_6/tomcat/webapps/manager]
18-Mar-2018 19:18:15.326 INFO [main] org.apache.catalina.startup.HostConfig.deployDirectory Deployment of web application directory [/Year3/Courses/2xb3/project/2XB3_Food_Fitter_Group_6/tomcat/webapps/manager] has finished in [24] ms
18-Mar-2018 19:18:15.327 INFO [main] org.apache.catalina.startup.HostConfig.deployDirectory Deploying web application directory [/Year3/Courses/2xb3/project/2XB3_Food_Fitter_Group_6/tomcat/webapps/ROOT]
18-Mar-2018 19:18:15.346 INFO [main] org.apache.catalina.startup.HostConfig.deployDirectory Deployment of web application directory [/Year3/Courses/2xb3/project/2XB3_Food_Fitter_Group_6/tomcat/webapps/ROOT] has finished in [19] ms
18-Mar-2018 19:18:15.350 INFO [main] org.apache.coyote.AbstractProtocol.start Starting ProtocolHandler ["http-nio-9999"]
18-Mar-2018 19:18:15.361 INFO [main] org.apache.coyote.AbstractProtocol.start Starting ProtocolHandler ["ajp-nio-8009"]
18-Mar-2018 19:18:15.364 INFO [main] org.apache.catalina.startup.Catalina.start Server startup in 864 ms
