20-Mar-2018 23:06:12.420 INFO [main] org.apache.catalina.startup.VersionLoggerListener.log Server version:        Apache Tomcat/9.0.6
20-Mar-2018 23:06:12.424 INFO [main] org.apache.catalina.startup.VersionLoggerListener.log Server built:          Mar 5 2018 09:34:35 UTC
20-Mar-2018 23:06:12.424 INFO [main] org.apache.catalina.startup.VersionLoggerListener.log Server number:         9.0.6.0
20-Mar-2018 23:06:12.425 INFO [main] org.apache.catalina.startup.VersionLoggerListener.log OS Name:               Mac OS X
20-Mar-2018 23:06:12.425 INFO [main] org.apache.catalina.startup.VersionLoggerListener.log OS Version:            10.12.6
20-Mar-2018 23:06:12.425 INFO [main] org.apache.catalina.startup.VersionLoggerListener.log Architecture:          x86_64
20-Mar-2018 23:06:12.425 INFO [main] org.apache.catalina.startup.VersionLoggerListener.log Java Home:             /Library/Java/JavaVirtualMachines/jdk1.8.0_131.jdk/Contents/Home/jre
20-Mar-2018 23:06:12.425 INFO [main] org.apache.catalina.startup.VersionLoggerListener.log JVM Version:           1.8.0_131-b11
20-Mar-2018 23:06:12.425 INFO [main] org.apache.catalina.startup.VersionLoggerListener.log JVM Vendor:            Oracle Corporation
20-Mar-2018 23:06:12.426 INFO [main] org.apache.catalina.startup.VersionLoggerListener.log CATALINA_BASE:         /Year3/Courses/2xb3/project/2XB3_Food_Fitter_Group_6/tomcat
20-Mar-2018 23:06:12.426 INFO [main] org.apache.catalina.startup.VersionLoggerListener.log CATALINA_HOME:         /Year3/Courses/2xb3/project/2XB3_Food_Fitter_Group_6/tomcat
20-Mar-2018 23:06:12.427 INFO [main] org.apache.catalina.startup.VersionLoggerListener.log Command line argument: -Djava.util.logging.config.file=/year3/courses/2xb3/project/2XB3_Food_Fitter_Group_6/tomcat/conf/logging.properties
20-Mar-2018 23:06:12.427 INFO [main] org.apache.catalina.startup.VersionLoggerListener.log Command line argument: -Djava.util.logging.manager=org.apache.juli.ClassLoaderLogManager
20-Mar-2018 23:06:12.427 INFO [main] org.apache.catalina.startup.VersionLoggerListener.log Command line argument: -Djdk.tls.ephemeralDHKeySize=2048
20-Mar-2018 23:06:12.427 INFO [main] org.apache.catalina.startup.VersionLoggerListener.log Command line argument: -Djava.protocol.handler.pkgs=org.apache.catalina.webresources
20-Mar-2018 23:06:12.428 INFO [main] org.apache.catalina.startup.VersionLoggerListener.log Command line argument: -Dignore.endorsed.dirs=
20-Mar-2018 23:06:12.428 INFO [main] org.apache.catalina.startup.VersionLoggerListener.log Command line argument: -Dcatalina.base=/year3/courses/2xb3/project/2XB3_Food_Fitter_Group_6/tomcat
20-Mar-2018 23:06:12.428 INFO [main] org.apache.catalina.startup.VersionLoggerListener.log Command line argument: -Dcatalina.home=/year3/courses/2xb3/project/2XB3_Food_Fitter_Group_6/tomcat
20-Mar-2018 23:06:12.428 INFO [main] org.apache.catalina.startup.VersionLoggerListener.log Command line argument: -Djava.io.tmpdir=/year3/courses/2xb3/project/2XB3_Food_Fitter_Group_6/tomcat/temp
20-Mar-2018 23:06:12.428 INFO [main] org.apache.catalina.core.AprLifecycleListener.lifecycleEvent The APR based Apache Tomcat Native library which allows optimal performance in production environments was not found on the java.library.path: [/Users/Sophia/Library/Java/Extensions:/Library/Java/Extensions:/Network/Library/Java/Extensions:/System/Library/Java/Extensions:/usr/lib/java:.]
20-Mar-2018 23:06:12.794 INFO [main] org.apache.coyote.AbstractProtocol.init Initializing ProtocolHandler ["http-nio-9999"]
20-Mar-2018 23:06:12.849 INFO [main] org.apache.tomcat.util.net.NioSelectorPool.getSharedSelector Using a shared selector for servlet write/read
20-Mar-2018 23:06:12.864 INFO [main] org.apache.coyote.AbstractProtocol.init Initializing ProtocolHandler ["ajp-nio-8009"]
20-Mar-2018 23:06:12.866 INFO [main] org.apache.tomcat.util.net.NioSelectorPool.getSharedSelector Using a shared selector for servlet write/read
20-Mar-2018 23:06:12.866 INFO [main] org.apache.catalina.startup.Catalina.load Initialization processed in 1401 ms
20-Mar-2018 23:06:12.920 INFO [main] org.apache.catalina.core.StandardService.startInternal Starting service [Catalina]
20-Mar-2018 23:06:12.921 INFO [main] org.apache.catalina.core.StandardEngine.startInternal Starting Servlet Engine: Apache Tomcat/9.0.6
20-Mar-2018 23:06:12.940 INFO [main] org.apache.catalina.startup.HostConfig.deployDirectory Deploying web application directory [/Year3/Courses/2xb3/project/2XB3_Food_Fitter_Group_6/tomcat/webapps/docs]
20-Mar-2018 23:06:13.671 INFO [main] org.apache.catalina.startup.HostConfig.deployDirectory Deployment of web application directory [/Year3/Courses/2xb3/project/2XB3_Food_Fitter_Group_6/tomcat/webapps/docs] has finished in [731] ms
20-Mar-2018 23:06:13.672 INFO [main] org.apache.catalina.startup.HostConfig.deployDirectory Deploying web application directory [/Year3/Courses/2xb3/project/2XB3_Food_Fitter_Group_6/tomcat/webapps/examples]
20-Mar-2018 23:06:14.162 INFO [main] org.apache.catalina.startup.HostConfig.deployDirectory Deployment of web application directory [/Year3/Courses/2xb3/project/2XB3_Food_Fitter_Group_6/tomcat/webapps/examples] has finished in [490] ms
20-Mar-2018 23:06:14.162 INFO [main] org.apache.catalina.startup.HostConfig.deployDirectory Deploying web application directory [/Year3/Courses/2xb3/project/2XB3_Food_Fitter_Group_6/tomcat/webapps/hello]
20-Mar-2018 23:06:14.206 INFO [main] org.apache.catalina.startup.HostConfig.deployDirectory Deployment of web application directory [/Year3/Courses/2xb3/project/2XB3_Food_Fitter_Group_6/tomcat/webapps/hello] has finished in [44] ms
20-Mar-2018 23:06:14.206 INFO [main] org.apache.catalina.startup.HostConfig.deployDirectory Deploying web application directory [/Year3/Courses/2xb3/project/2XB3_Food_Fitter_Group_6/tomcat/webapps/host-manager]
20-Mar-2018 23:06:14.249 INFO [main] org.apache.catalina.startup.HostConfig.deployDirectory Deployment of web application directory [/Year3/Courses/2xb3/project/2XB3_Food_Fitter_Group_6/tomcat/webapps/host-manager] has finished in [43] ms
20-Mar-2018 23:06:14.249 INFO [main] org.apache.catalina.startup.HostConfig.deployDirectory Deploying web application directory [/Year3/Courses/2xb3/project/2XB3_Food_Fitter_Group_6/tomcat/webapps/manager]
20-Mar-2018 23:06:14.273 INFO [main] org.apache.catalina.startup.HostConfig.deployDirectory Deployment of web application directory [/Year3/Courses/2xb3/project/2XB3_Food_Fitter_Group_6/tomcat/webapps/manager] has finished in [24] ms
20-Mar-2018 23:06:14.274 INFO [main] org.apache.catalina.startup.HostConfig.deployDirectory Deploying web application directory [/Year3/Courses/2xb3/project/2XB3_Food_Fitter_Group_6/tomcat/webapps/ROOT]
20-Mar-2018 23:06:14.296 INFO [main] org.apache.catalina.startup.HostConfig.deployDirectory Deployment of web application directory [/Year3/Courses/2xb3/project/2XB3_Food_Fitter_Group_6/tomcat/webapps/ROOT] has finished in [22] ms
20-Mar-2018 23:06:14.304 INFO [main] org.apache.coyote.AbstractProtocol.start Starting ProtocolHandler ["http-nio-9999"]
20-Mar-2018 23:06:14.315 INFO [main] org.apache.coyote.AbstractProtocol.start Starting ProtocolHandler ["ajp-nio-8009"]
20-Mar-2018 23:06:14.317 INFO [main] org.apache.catalina.startup.Catalina.start Server startup in 1450 ms
20-Mar-2018 23:12:30.134 INFO [Thread-5] org.apache.coyote.AbstractProtocol.pause Pausing ProtocolHandler ["http-nio-9999"]
20-Mar-2018 23:12:30.143 INFO [Thread-5] org.apache.coyote.AbstractProtocol.pause Pausing ProtocolHandler ["ajp-nio-8009"]
20-Mar-2018 23:12:30.196 INFO [Thread-5] org.apache.catalina.core.StandardService.stopInternal Stopping service [Catalina]
20-Mar-2018 23:12:30.240 INFO [Thread-5] org.apache.coyote.AbstractProtocol.stop Stopping ProtocolHandler ["http-nio-9999"]
20-Mar-2018 23:12:30.242 INFO [Thread-5] org.apache.coyote.AbstractProtocol.stop Stopping ProtocolHandler ["ajp-nio-8009"]
20-Mar-2018 23:12:30.244 INFO [Thread-5] org.apache.coyote.AbstractProtocol.destroy Destroying ProtocolHandler ["http-nio-9999"]
20-Mar-2018 23:12:30.245 INFO [Thread-5] org.apache.coyote.AbstractProtocol.destroy Destroying ProtocolHandler ["ajp-nio-8009"]
20-Mar-2018 23:12:32.169 INFO [main] org.apache.catalina.startup.VersionLoggerListener.log Server version:        Apache Tomcat/9.0.6
20-Mar-2018 23:12:32.172 INFO [main] org.apache.catalina.startup.VersionLoggerListener.log Server built:          Mar 5 2018 09:34:35 UTC
20-Mar-2018 23:12:32.173 INFO [main] org.apache.catalina.startup.VersionLoggerListener.log Server number:         9.0.6.0
20-Mar-2018 23:12:32.173 INFO [main] org.apache.catalina.startup.VersionLoggerListener.log OS Name:               Mac OS X
20-Mar-2018 23:12:32.173 INFO [main] org.apache.catalina.startup.VersionLoggerListener.log OS Version:            10.12.6
20-Mar-2018 23:12:32.174 INFO [main] org.apache.catalina.startup.VersionLoggerListener.log Architecture:          x86_64
20-Mar-2018 23:12:32.174 INFO [main] org.apache.catalina.startup.VersionLoggerListener.log Java Home:             /Library/Java/JavaVirtualMachines/jdk1.8.0_131.jdk/Contents/Home/jre
20-Mar-2018 23:12:32.174 INFO [main] org.apache.catalina.startup.VersionLoggerListener.log JVM Version:           1.8.0_131-b11
20-Mar-2018 23:12:32.174 INFO [main] org.apache.catalina.startup.VersionLoggerListener.log JVM Vendor:            Oracle Corporation
20-Mar-2018 23:12:32.175 INFO [main] org.apache.catalina.startup.VersionLoggerListener.log CATALINA_BASE:         /Year3/Courses/2xb3/project/2XB3_Food_Fitter_Group_6/tomcat
20-Mar-2018 23:12:32.175 INFO [main] org.apache.catalina.startup.VersionLoggerListener.log CATALINA_HOME:         /Year3/Courses/2xb3/project/2XB3_Food_Fitter_Group_6/tomcat
20-Mar-2018 23:12:32.176 INFO [main] org.apache.catalina.startup.VersionLoggerListener.log Command line argument: -Djava.util.logging.config.file=/year3/courses/2xb3/project/2XB3_Food_Fitter_Group_6/tomcat/conf/logging.properties
20-Mar-2018 23:12:32.176 INFO [main] org.apache.catalina.startup.VersionLoggerListener.log Command line argument: -Djava.util.logging.manager=org.apache.juli.ClassLoaderLogManager
20-Mar-2018 23:12:32.176 INFO [main] org.apache.catalina.startup.VersionLoggerListener.log Command line argument: -Djdk.tls.ephemeralDHKeySize=2048
20-Mar-2018 23:12:32.176 INFO [main] org.apache.catalina.startup.VersionLoggerListener.log Command line argument: -Djava.protocol.handler.pkgs=org.apache.catalina.webresources
20-Mar-2018 23:12:32.177 INFO [main] org.apache.catalina.startup.VersionLoggerListener.log Command line argument: -Dignore.endorsed.dirs=
20-Mar-2018 23:12:32.177 INFO [main] org.apache.catalina.startup.VersionLoggerListener.log Command line argument: -Dcatalina.base=/year3/courses/2xb3/project/2XB3_Food_Fitter_Group_6/tomcat
20-Mar-2018 23:12:32.177 INFO [main] org.apache.catalina.startup.VersionLoggerListener.log Command line argument: -Dcatalina.home=/year3/courses/2xb3/project/2XB3_Food_Fitter_Group_6/tomcat
20-Mar-2018 23:12:32.177 INFO [main] org.apache.catalina.startup.VersionLoggerListener.log Command line argument: -Djava.io.tmpdir=/year3/courses/2xb3/project/2XB3_Food_Fitter_Group_6/tomcat/temp
20-Mar-2018 23:12:32.177 INFO [main] org.apache.catalina.core.AprLifecycleListener.lifecycleEvent The APR based Apache Tomcat Native library which allows optimal performance in production environments was not found on the java.library.path: [/Users/Sophia/Library/Java/Extensions:/Library/Java/Extensions:/Network/Library/Java/Extensions:/System/Library/Java/Extensions:/usr/lib/java:.]
20-Mar-2018 23:12:32.322 INFO [main] org.apache.coyote.AbstractProtocol.init Initializing ProtocolHandler ["http-nio-9999"]
20-Mar-2018 23:12:32.344 INFO [main] org.apache.tomcat.util.net.NioSelectorPool.getSharedSelector Using a shared selector for servlet write/read
20-Mar-2018 23:12:32.354 INFO [main] org.apache.coyote.AbstractProtocol.init Initializing ProtocolHandler ["ajp-nio-8009"]
20-Mar-2018 23:12:32.355 INFO [main] org.apache.tomcat.util.net.NioSelectorPool.getSharedSelector Using a shared selector for servlet write/read
20-Mar-2018 23:12:32.355 INFO [main] org.apache.catalina.startup.Catalina.load Initialization processed in 640 ms
20-Mar-2018 23:12:32.382 INFO [main] org.apache.catalina.core.StandardService.startInternal Starting service [Catalina]
20-Mar-2018 23:12:32.382 INFO [main] org.apache.catalina.core.StandardEngine.startInternal Starting Servlet Engine: Apache Tomcat/9.0.6
20-Mar-2018 23:12:32.390 INFO [main] org.apache.catalina.startup.HostConfig.deployDirectory Deploying web application directory [/Year3/Courses/2xb3/project/2XB3_Food_Fitter_Group_6/tomcat/webapps/docs]
20-Mar-2018 23:12:32.757 INFO [main] org.apache.catalina.startup.HostConfig.deployDirectory Deployment of web application directory [/Year3/Courses/2xb3/project/2XB3_Food_Fitter_Group_6/tomcat/webapps/docs] has finished in [366] ms
20-Mar-2018 23:12:32.757 INFO [main] org.apache.catalina.startup.HostConfig.deployDirectory Deploying web application directory [/Year3/Courses/2xb3/project/2XB3_Food_Fitter_Group_6/tomcat/webapps/examples]
20-Mar-2018 23:12:33.092 INFO [main] org.apache.catalina.startup.HostConfig.deployDirectory Deployment of web application directory [/Year3/Courses/2xb3/project/2XB3_Food_Fitter_Group_6/tomcat/webapps/examples] has finished in [335] ms
20-Mar-2018 23:12:33.093 INFO [main] org.apache.catalina.startup.HostConfig.deployDirectory Deploying web application directory [/Year3/Courses/2xb3/project/2XB3_Food_Fitter_Group_6/tomcat/webapps/hello]
20-Mar-2018 23:12:33.132 INFO [main] org.apache.catalina.startup.HostConfig.deployDirectory Deployment of web application directory [/Year3/Courses/2xb3/project/2XB3_Food_Fitter_Group_6/tomcat/webapps/hello] has finished in [39] ms
20-Mar-2018 23:12:33.132 INFO [main] org.apache.catalina.startup.HostConfig.deployDirectory Deploying web application directory [/Year3/Courses/2xb3/project/2XB3_Food_Fitter_Group_6/tomcat/webapps/host-manager]
20-Mar-2018 23:12:33.163 INFO [main] org.apache.catalina.startup.HostConfig.deployDirectory Deployment of web application directory [/Year3/Courses/2xb3/project/2XB3_Food_Fitter_Group_6/tomcat/webapps/host-manager] has finished in [31] ms
20-Mar-2018 23:12:33.164 INFO [main] org.apache.catalina.startup.HostConfig.deployDirectory Deploying web application directory [/Year3/Courses/2xb3/project/2XB3_Food_Fitter_Group_6/tomcat/webapps/manager]
20-Mar-2018 23:12:33.188 INFO [main] org.apache.catalina.startup.HostConfig.deployDirectory Deployment of web application directory [/Year3/Courses/2xb3/project/2XB3_Food_Fitter_Group_6/tomcat/webapps/manager] has finished in [24] ms
20-Mar-2018 23:12:33.188 INFO [main] org.apache.catalina.startup.HostConfig.deployDirectory Deploying web application directory [/Year3/Courses/2xb3/project/2XB3_Food_Fitter_Group_6/tomcat/webapps/ROOT]
20-Mar-2018 23:12:33.205 INFO [main] org.apache.catalina.startup.HostConfig.deployDirectory Deployment of web application directory [/Year3/Courses/2xb3/project/2XB3_Food_Fitter_Group_6/tomcat/webapps/ROOT] has finished in [17] ms
20-Mar-2018 23:12:33.209 INFO [main] org.apache.coyote.AbstractProtocol.start Starting ProtocolHandler ["http-nio-9999"]
20-Mar-2018 23:12:33.218 INFO [main] org.apache.coyote.AbstractProtocol.start Starting ProtocolHandler ["ajp-nio-8009"]
20-Mar-2018 23:12:33.220 INFO [main] org.apache.catalina.startup.Catalina.start Server startup in 864 ms
20-Mar-2018 23:13:13.250 INFO [ContainerBackgroundProcessor[StandardEngine[Catalina]]] org.apache.catalina.core.StandardContext.reload Reloading Context with name [/hello] has started
20-Mar-2018 23:13:13.287 INFO [ContainerBackgroundProcessor[StandardEngine[Catalina]]] org.apache.catalina.core.StandardContext.reload Reloading Context with name [/hello] is completed
20-Mar-2018 23:13:15.027 INFO [Thread-5] org.apache.coyote.AbstractProtocol.pause Pausing ProtocolHandler ["http-nio-9999"]
20-Mar-2018 23:13:15.033 INFO [Thread-5] org.apache.coyote.AbstractProtocol.pause Pausing ProtocolHandler ["ajp-nio-8009"]
20-Mar-2018 23:13:15.087 INFO [Thread-5] org.apache.catalina.core.StandardService.stopInternal Stopping service [Catalina]
20-Mar-2018 23:13:15.133 INFO [Thread-5] org.apache.coyote.AbstractProtocol.stop Stopping ProtocolHandler ["http-nio-9999"]
20-Mar-2018 23:13:15.136 INFO [Thread-5] org.apache.coyote.AbstractProtocol.stop Stopping ProtocolHandler ["ajp-nio-8009"]
20-Mar-2018 23:13:15.138 INFO [Thread-5] org.apache.coyote.AbstractProtocol.destroy Destroying ProtocolHandler ["http-nio-9999"]
20-Mar-2018 23:13:15.139 INFO [Thread-5] org.apache.coyote.AbstractProtocol.destroy Destroying ProtocolHandler ["ajp-nio-8009"]
20-Mar-2018 23:13:16.691 INFO [main] org.apache.catalina.startup.VersionLoggerListener.log Server version:        Apache Tomcat/9.0.6
20-Mar-2018 23:13:16.696 INFO [main] org.apache.catalina.startup.VersionLoggerListener.log Server built:          Mar 5 2018 09:34:35 UTC
20-Mar-2018 23:13:16.696 INFO [main] org.apache.catalina.startup.VersionLoggerListener.log Server number:         9.0.6.0
20-Mar-2018 23:13:16.696 INFO [main] org.apache.catalina.startup.VersionLoggerListener.log OS Name:               Mac OS X
20-Mar-2018 23:13:16.696 INFO [main] org.apache.catalina.startup.VersionLoggerListener.log OS Version:            10.12.6
20-Mar-2018 23:13:16.697 INFO [main] org.apache.catalina.startup.VersionLoggerListener.log Architecture:          x86_64
20-Mar-2018 23:13:16.697 INFO [main] org.apache.catalina.startup.VersionLoggerListener.log Java Home:             /Library/Java/JavaVirtualMachines/jdk1.8.0_131.jdk/Contents/Home/jre
20-Mar-2018 23:13:16.697 INFO [main] org.apache.catalina.startup.VersionLoggerListener.log JVM Version:           1.8.0_131-b11
20-Mar-2018 23:13:16.697 INFO [main] org.apache.catalina.startup.VersionLoggerListener.log JVM Vendor:            Oracle Corporation
20-Mar-2018 23:13:16.698 INFO [main] org.apache.catalina.startup.VersionLoggerListener.log CATALINA_BASE:         /Year3/Courses/2xb3/project/2XB3_Food_Fitter_Group_6/tomcat
20-Mar-2018 23:13:16.698 INFO [main] org.apache.catalina.startup.VersionLoggerListener.log CATALINA_HOME:         /Year3/Courses/2xb3/project/2XB3_Food_Fitter_Group_6/tomcat
20-Mar-2018 23:13:16.700 INFO [main] org.apache.catalina.startup.VersionLoggerListener.log Command line argument: -Djava.util.logging.config.file=/year3/courses/2xb3/project/2XB3_Food_Fitter_Group_6/tomcat/conf/logging.properties
20-Mar-2018 23:13:16.700 INFO [main] org.apache.catalina.startup.VersionLoggerListener.log Command line argument: -Djava.util.logging.manager=org.apache.juli.ClassLoaderLogManager
20-Mar-2018 23:13:16.700 INFO [main] org.apache.catalina.startup.VersionLoggerListener.log Command line argument: -Djdk.tls.ephemeralDHKeySize=2048
20-Mar-2018 23:13:16.700 INFO [main] org.apache.catalina.startup.VersionLoggerListener.log Command line argument: -Djava.protocol.handler.pkgs=org.apache.catalina.webresources
20-Mar-2018 23:13:16.701 INFO [main] org.apache.catalina.startup.VersionLoggerListener.log Command line argument: -Dignore.endorsed.dirs=
20-Mar-2018 23:13:16.701 INFO [main] org.apache.catalina.startup.VersionLoggerListener.log Command line argument: -Dcatalina.base=/year3/courses/2xb3/project/2XB3_Food_Fitter_Group_6/tomcat
20-Mar-2018 23:13:16.701 INFO [main] org.apache.catalina.startup.VersionLoggerListener.log Command line argument: -Dcatalina.home=/year3/courses/2xb3/project/2XB3_Food_Fitter_Group_6/tomcat
20-Mar-2018 23:13:16.702 INFO [main] org.apache.catalina.startup.VersionLoggerListener.log Command line argument: -Djava.io.tmpdir=/year3/courses/2xb3/project/2XB3_Food_Fitter_Group_6/tomcat/temp
20-Mar-2018 23:13:16.702 INFO [main] org.apache.catalina.core.AprLifecycleListener.lifecycleEvent The APR based Apache Tomcat Native library which allows optimal performance in production environments was not found on the java.library.path: [/Users/Sophia/Library/Java/Extensions:/Library/Java/Extensions:/Network/Library/Java/Extensions:/System/Library/Java/Extensions:/usr/lib/java:.]
20-Mar-2018 23:13:16.893 INFO [main] org.apache.coyote.AbstractProtocol.init Initializing ProtocolHandler ["http-nio-9999"]
20-Mar-2018 23:13:16.921 INFO [main] org.apache.tomcat.util.net.NioSelectorPool.getSharedSelector Using a shared selector for servlet write/read
20-Mar-2018 23:13:16.931 INFO [main] org.apache.coyote.AbstractProtocol.init Initializing ProtocolHandler ["ajp-nio-8009"]
20-Mar-2018 23:13:16.933 INFO [main] org.apache.tomcat.util.net.NioSelectorPool.getSharedSelector Using a shared selector for servlet write/read
20-Mar-2018 23:13:16.933 INFO [main] org.apache.catalina.startup.Catalina.load Initialization processed in 811 ms
20-Mar-2018 23:13:16.960 INFO [main] org.apache.catalina.core.StandardService.startInternal Starting service [Catalina]
20-Mar-2018 23:13:16.961 INFO [main] org.apache.catalina.core.StandardEngine.startInternal Starting Servlet Engine: Apache Tomcat/9.0.6
20-Mar-2018 23:13:16.971 INFO [main] org.apache.catalina.startup.HostConfig.deployDirectory Deploying web application directory [/Year3/Courses/2xb3/project/2XB3_Food_Fitter_Group_6/tomcat/webapps/docs]
20-Mar-2018 23:13:17.317 INFO [main] org.apache.catalina.startup.HostConfig.deployDirectory Deployment of web application directory [/Year3/Courses/2xb3/project/2XB3_Food_Fitter_Group_6/tomcat/webapps/docs] has finished in [345] ms
20-Mar-2018 23:13:17.317 INFO [main] org.apache.catalina.startup.HostConfig.deployDirectory Deploying web application directory [/Year3/Courses/2xb3/project/2XB3_Food_Fitter_Group_6/tomcat/webapps/examples]
20-Mar-2018 23:13:17.667 INFO [main] org.apache.catalina.startup.HostConfig.deployDirectory Deployment of web application directory [/Year3/Courses/2xb3/project/2XB3_Food_Fitter_Group_6/tomcat/webapps/examples] has finished in [349] ms
20-Mar-2018 23:13:17.668 INFO [main] org.apache.catalina.startup.HostConfig.deployDirectory Deploying web application directory [/Year3/Courses/2xb3/project/2XB3_Food_Fitter_Group_6/tomcat/webapps/hello]
20-Mar-2018 23:13:17.707 INFO [main] org.apache.catalina.startup.HostConfig.deployDirectory Deployment of web application directory [/Year3/Courses/2xb3/project/2XB3_Food_Fitter_Group_6/tomcat/webapps/hello] has finished in [38] ms
20-Mar-2018 23:13:17.707 INFO [main] org.apache.catalina.startup.HostConfig.deployDirectory Deploying web application directory [/Year3/Courses/2xb3/project/2XB3_Food_Fitter_Group_6/tomcat/webapps/host-manager]
20-Mar-2018 23:13:17.738 INFO [main] org.apache.catalina.startup.HostConfig.deployDirectory Deployment of web application directory [/Year3/Courses/2xb3/project/2XB3_Food_Fitter_Group_6/tomcat/webapps/host-manager] has finished in [31] ms
20-Mar-2018 23:13:17.739 INFO [main] org.apache.catalina.startup.HostConfig.deployDirectory Deploying web application directory [/Year3/Courses/2xb3/project/2XB3_Food_Fitter_Group_6/tomcat/webapps/manager]
20-Mar-2018 23:13:17.762 INFO [main] org.apache.catalina.startup.HostConfig.deployDirectory Deployment of web application directory [/Year3/Courses/2xb3/project/2XB3_Food_Fitter_Group_6/tomcat/webapps/manager] has finished in [24] ms
20-Mar-2018 23:13:17.762 INFO [main] org.apache.catalina.startup.HostConfig.deployDirectory Deploying web application directory [/Year3/Courses/2xb3/project/2XB3_Food_Fitter_Group_6/tomcat/webapps/ROOT]
20-Mar-2018 23:13:17.780 INFO [main] org.apache.catalina.startup.HostConfig.deployDirectory Deployment of web application directory [/Year3/Courses/2xb3/project/2XB3_Food_Fitter_Group_6/tomcat/webapps/ROOT] has finished in [18] ms
20-Mar-2018 23:13:17.784 INFO [main] org.apache.coyote.AbstractProtocol.start Starting ProtocolHandler ["http-nio-9999"]
20-Mar-2018 23:13:17.794 INFO [main] org.apache.coyote.AbstractProtocol.start Starting ProtocolHandler ["ajp-nio-8009"]
20-Mar-2018 23:13:17.796 INFO [main] org.apache.catalina.startup.Catalina.start Server startup in 862 ms
20-Mar-2018 23:13:25.767 INFO [Thread-5] org.apache.coyote.AbstractProtocol.pause Pausing ProtocolHandler ["http-nio-9999"]
20-Mar-2018 23:13:25.825 INFO [Thread-5] org.apache.coyote.AbstractProtocol.pause Pausing ProtocolHandler ["ajp-nio-8009"]
20-Mar-2018 23:13:25.882 INFO [Thread-5] org.apache.catalina.core.StandardService.stopInternal Stopping service [Catalina]
20-Mar-2018 23:13:25.913 INFO [Thread-5] org.apache.coyote.AbstractProtocol.stop Stopping ProtocolHandler ["http-nio-9999"]
20-Mar-2018 23:13:25.916 INFO [Thread-5] org.apache.coyote.AbstractProtocol.stop Stopping ProtocolHandler ["ajp-nio-8009"]
20-Mar-2018 23:13:25.918 INFO [Thread-5] org.apache.coyote.AbstractProtocol.destroy Destroying ProtocolHandler ["http-nio-9999"]
20-Mar-2018 23:13:25.919 INFO [Thread-5] org.apache.coyote.AbstractProtocol.destroy Destroying ProtocolHandler ["ajp-nio-8009"]
